<?xml version="1.0" encoding="UTF-8"?>
<!-- Generated by org.testng.reporters.JUnitReportReporter -->
<testsuite hostname="DESKTOP-PECB41V" name="cucumberTest.TestRunner" tests="1" failures="0" timestamp="7 Feb 2020 14:06:19 GMT" time="138.884" errors="0">
  <testcase name="feature" time="138.884" classname="cucumberTest.TestRunner"/>
</testsuite> <!-- cucumberTest.TestRunner -->
