<?xml version="1.0" encoding="UTF-8"?>
<!-- Generated by org.testng.reporters.JUnitReportReporter -->
<testsuite hostname="DESKTOP-PECB41V" name="cucumberTest.TestRunner" tests="1" failures="0" timestamp="4 Feb 2020 14:34:53 GMT" time="135.860" errors="0">
  <testcase name="feature" time="135.860" classname="cucumberTest.TestRunner"/>
</testsuite> <!-- cucumberTest.TestRunner -->
