<?xml version="1.0" encoding="UTF-8"?>
<!-- Generated by org.testng.reporters.JUnitReportReporter -->
<testsuite hostname="DESKTOP-PECB41V" name="cucumberTest.TestRunner" tests="1" failures="0" timestamp="5 Feb 2020 12:20:32 GMT" time="147.037" errors="0">
  <testcase name="feature" time="147.037" classname="cucumberTest.TestRunner"/>
</testsuite> <!-- cucumberTest.TestRunner -->
