<?xml version="1.0" encoding="UTF-8"?>
<!-- Generated by org.testng.reporters.JUnitReportReporter -->
<testsuite hostname="DESKTOP-PECB41V" name="cucumberTest.TestRunner" tests="1" failures="0" timestamp="30 Jan 2020 15:16:28 GMT" time="46.474" errors="0">
  <testcase name="feature" time="46.474" classname="cucumberTest.TestRunner"/>
</testsuite> <!-- cucumberTest.TestRunner -->
